<?xml version="1.0" encoding="UTF-8"?>
<!-- Generated by org.testng.reporters.JUnitReportReporter -->
<testsuite skipped="0" hostname="LAPTOP-PPEIE3H2" name="TestCases.SmokeTest" tests="3" failures="0" timestamp="13 Jun 2019 13:00:52 GMT" time="35.490" errors="0">
  <testcase name="HP_TristateIssue" time="0.139" classname="TestCases.SmokeTest"/>
  <testcase name="Username_Dropdown" time="0.534" classname="TestCases.SmokeTest"/>
  <testcase name="HP_TodaysPaper" time="34.817" classname="TestCases.SmokeTest"/>
</testsuite> <!-- TestCases.SmokeTest -->
